<?xml version="1.0" encoding="UTF-8"?>
<testng-results ignored="0" total="1" passed="1" failed="0" skipped="0">
  <reporter-output>
  </reporter-output>
  <suite started-at="2023-05-18T16:49:01 EDT" name="Default suite" finished-at="2023-05-18T16:49:48 EDT" duration-ms="46483">
    <groups>
    </groups>
    <test started-at="2023-05-18T16:49:01 EDT" name="Default test" finished-at="2023-05-18T16:49:48 EDT" duration-ms="46483">
      <class name="bootcampe.expedia.expedia1">
        <test-method is-config="true" signature="beforeMethod()[pri:0, instance:bootcampe.expedia.expedia1@50ad3bc1]" started-at="2023-05-18T16:49:01 EDT" name="beforeMethod" finished-at="2023-05-18T16:49:19 EDT" duration-ms="17453" status="PASS">
          <reporter-output>
          </reporter-output>
        </test-method> <!-- beforeMethod -->
        <test-method signature="f()[pri:0, instance:bootcampe.expedia.expedia1@50ad3bc1]" started-at="2023-05-18T16:49:19 EDT" name="f" finished-at="2023-05-18T16:49:43 EDT" duration-ms="23737" status="PASS">
          <reporter-output>
          </reporter-output>
        </test-method> <!-- f -->
        <test-method is-config="true" signature="afterMethod()[pri:0, instance:bootcampe.expedia.expedia1@50ad3bc1]" started-at="2023-05-18T16:49:43 EDT" name="afterMethod" finished-at="2023-05-18T16:49:48 EDT" duration-ms="5183" status="PASS">
          <reporter-output>
          </reporter-output>
        </test-method> <!-- afterMethod -->
      </class> <!-- bootcampe.expedia.expedia1 -->
    </test> <!-- Default test -->
  </suite> <!-- Default suite -->
</testng-results>
